
Traceback (most recent call last):
> File "tests/exceptions/source/backtrace/not_enough_arguments.py", line 17, in <module>
    decorated(1)
TypeError: decorated() missing 2 required positional arguments: 'y' and 'z'

Traceback (most recent call last):
> File "tests/exceptions/source/backtrace/not_enough_arguments.py", line 20, in <module>
    not_decorated(2)
TypeError: not_decorated() missing 2 required positional arguments: 'y' and 'z'

Traceback (most recent call last):
> File "tests/exceptions/source/backtrace/not_enough_arguments.py", line 23, in <module>
    not_decorated(3)
TypeError: not_decorated() missing 2 required positional arguments: 'y' and 'z'
